Arguments: 
  /usr/local/bin/node /usr/local/Cellar/yarn/1.22.1/libexec/bin/yarn.js add graphql-tag apollo-server

PATH: 
  /Library/Frameworks/Python.framework/Versions/3.9/bin:/Library/Frameworks/Python.framework/Versions/2.7/bin:/usr/local/bin:/usr/bin:/bin:/usr/sbin:/sbin:/usr/local/go/bin:/Library/Frameworks/Python.framework/Versions/3.9/bin:/Library/Frameworks/Python.framework/Versions/2.7/bin

Yarn version: 
  1.22.1

Node version: 
  12.6.0

Platform: 
  darwin x64

Trace: 
  Error: self signed certificate in certificate chain
      at TLSSocket.onConnectSecure (_tls_wrap.js:1317:34)
      at TLSSocket.emit (events.js:203:13)
      at TLSSocket._finishInit (_tls_wrap.js:792:8)
      at TLSWrap.ssl.onhandshakedone (_tls_wrap.js:606:12)

npm manifest: 
  {
    "name": "graphql",
    "version": "1.0.0",
    "description": "",
    "main": "demo.js",
    "scripts": {
      "test": "echo \"Error: no test specified\" && exit 1"
    },
    "author": "",
    "license": "ISC"
  }

yarn manifest: 
  No manifest

Lockfile: 
  No lockfile
